<?xml version="1.0" encoding="UTF-8"?>
<testsuite xmlns:xsi="http://www.w3.org/2001/XMLSchema-instance" xsi:noNamespaceSchemaLocation="https://maven.apache.org/surefire/maven-surefire-plugin/xsd/surefire-test-report.xsd" name="TestSuite" time="122.065" tests="17" errors="0" skipped="10" failures="3">
  <properties>
[...]
</properties>
  <testcase name="setUp" classname="com.demo.qa.testcases.BookStoreTest" time="16.688">
    <failure message="element click intercepted: Element &lt;button id=&quot;login&quot; type=&quot;button&quot; class=&quot;btn btn-primary&quot;&gt;...&lt;/button&gt; is not clickable at point (768, 483). Other element would receive the click: &lt;iframe id=&quot;google_ads_iframe_/21849154601,22343295815/Ad.Plus-Anchor_0&quot; name=&quot;google_ads_iframe_/21849154601,22343295815/Ad.Plus-Anchor_0&quot; title=&quot;3rd party ad content&quot; width=&quot;970&quot; height=&quot;90&quot; scrolling=&quot;no&quot; marginwidth=&quot;0&quot; marginheight=&quot;0&quot; frameborder=&quot;0&quot; role=&quot;region&quot; aria-label=&quot;Advertisement&quot; tabindex=&quot;0&quot; style=&quot;border: 0px; vertical-align: bottom; width: 970px; height: 88px;&quot; data-load-complete=&quot;true&quot; data-google-container-id=&quot;1&quot;&gt;&lt;/iframe&gt;&#10;  (Session info: chrome=107.0.5304.107)&#10;Build info: version: &apos;3.14.0&apos;, revision: &apos;aacccce0&apos;, time: &apos;2018-08-02T20:19:58.91Z&apos;&#10;System info: host: &apos;LAPTOP-H6ICRR5G&apos;, ip: &apos;172.20.10.3&apos;, os.name: &apos;Windows 10&apos;, os.arch: &apos;amd64&apos;, os.version: &apos;10.0&apos;, java.version: &apos;17.0.5&apos;&#10;Driver info: org.openqa.selenium.chrome.ChromeDriver&#10;Capabilities {acceptInsecureCerts: false, browserName: chrome, browserVersion: 107.0.5304.107, chrome: {chromedriverVersion: 106.0.5249.61 (511755355844..., userDataDir: C:\Users\samba\AppData\Loca...}, goog:chromeOptions: {debuggerAddress: localhost:63040}, javascriptEnabled: true, networkConnectionEnabled: false, pageLoadStrategy: normal, platform: WINDOWS, platformName: WINDOWS, proxy: Proxy(), setWindowRect: true, strictFileInteractability: false, timeouts: {implicit: 0, pageLoad: 300000, script: 30000}, unhandledPromptBehavior: dismiss and notify, webauthn:extension:credBlob: true, webauthn:extension:largeBlob: true, webauthn:virtualAuthenticators: true}&#10;Session ID: c530fd9896d8016e76618593a38fbe42" type="org.openqa.selenium.ElementClickInterceptedException"><![CDATA[org.openqa.selenium.ElementClickInterceptedException: 
element click intercepted: Element <button id="login" type="button" class="btn btn-primary">...</button> is not clickable at point (768, 483). Other element would receive the click: <iframe id="google_ads_iframe_/21849154601,22343295815/Ad.Plus-Anchor_0" name="google_ads_iframe_/21849154601,22343295815/Ad.Plus-Anchor_0" title="3rd party ad content" width="970" height="90" scrolling="no" marginwidth="0" marginheight="0" frameborder="0" role="region" aria-label="Advertisement" tabindex="0" style="border: 0px; vertical-align: bottom; width: 970px; height: 88px;" data-load-complete="true" data-google-container-id="1"></iframe>
  (Session info: chrome=107.0.5304.107)
Build info: version: '3.14.0', revision: 'aacccce0', time: '2018-08-02T20:19:58.91Z'
System info: host: 'LAPTOP-H6ICRR5G', ip: '172.20.10.3', os.name: 'Windows 10', os.arch: 'amd64', os.version: '10.0', java.version: '17.0.5'
Driver info: org.openqa.selenium.chrome.ChromeDriver
Capabilities {acceptInsecureCerts: false, browserName: chrome, browserVersion: 107.0.5304.107, chrome: {chromedriverVersion: 106.0.5249.61 (511755355844..., userDataDir: C:\Users\samba\AppData\Loca...}, goog:chromeOptions: {debuggerAddress: localhost:63040}, javascriptEnabled: true, networkConnectionEnabled: false, pageLoadStrategy: normal, platform: WINDOWS, platformName: WINDOWS, proxy: Proxy(), setWindowRect: true, strictFileInteractability: false, timeouts: {implicit: 0, pageLoad: 300000, script: 30000}, unhandledPromptBehavior: dismiss and notify, webauthn:extension:credBlob: true, webauthn:extension:largeBlob: true, webauthn:virtualAuthenticators: true}
Session ID: c530fd9896d8016e76618593a38fbe42
	at com.demo.qa.testcases.BookStoreTest.setUp(BookStoreTest.java:32)
]]></failure>
    <system-out><![CDATA[Before navigating to: 'https://demoqa.com/login'
Navigated to:'https://demoqa.com/login'
Trying to find Element By : By.id: userName
Found Element By : By.id: userName
Trying to find Element By : By.id: password
Found Element By : By.id: password
Trying to find Element By : By.id: login
Found Element By : By.id: login
Trying to click on: [[ChromeDriver: chrome on WINDOWS (c530fd9896d8016e76618593a38fbe42)] -> id: login]
Exception occured: org.openqa.selenium.ElementClickInterceptedException: element click intercepted: Element <button id="login" type="button" class="btn btn-primary">...</button> is not clickable at point (768, 483). Other element would receive the click: <iframe id="google_ads_iframe_/21849154601,22343295815/Ad.Plus-Anchor_0" name="google_ads_iframe_/21849154601,22343295815/Ad.Plus-Anchor_0" title="3rd party ad content" width="970" height="90" scrolling="no" marginwidth="0" marginheight="0" frameborder="0" role="region" aria-label="Advertisement" tabindex="0" style="border: 0px; vertical-align: bottom; width: 970px; height: 88px;" data-load-complete="true" data-google-container-id="1"></iframe>
  (Session info: chrome=107.0.5304.107)
Build info: version: '3.14.0', revision: 'aacccce0', time: '2018-08-02T20:19:58.91Z'
System info: host: 'LAPTOP-H6ICRR5G', ip: '172.20.10.3', os.name: 'Windows 10', os.arch: 'amd64', os.version: '10.0', java.version: '17.0.5'
Driver info: org.openqa.selenium.chrome.ChromeDriver
Capabilities {acceptInsecureCerts: false, browserName: chrome, browserVersion: 107.0.5304.107, chrome: {chromedriverVersion: 106.0.5249.61 (511755355844..., userDataDir: C:\Users\samba\AppData\Loca...}, goog:chromeOptions: {debuggerAddress: localhost:63040}, javascriptEnabled: true, networkConnectionEnabled: false, pageLoadStrategy: normal, platform: WINDOWS, platformName: WINDOWS, proxy: Proxy(), setWindowRect: true, strictFileInteractability: false, timeouts: {implicit: 0, pageLoad: 300000, script: 30000}, unhandledPromptBehavior: dismiss and notify, webauthn:extension:credBlob: true, webauthn:extension:largeBlob: true, webauthn:virtualAuthenticators: true}
Session ID: c530fd9896d8016e76618593a38fbe42
]]></system-out>
    <system-err><![CDATA[Starting ChromeDriver 106.0.5249.61 (511755355844955cd3e264779baf0dd38212a4d0-refs/branch-heads/5249@{#569}) on port 44387
Only local connections are allowed.
Please see https://chromedriver.chromium.org/security-considerations for suggestions on keeping ChromeDriver safe.
ChromeDriver was started successfully.
[1669388368.247][WARNING]: This version of ChromeDriver has not been tested with Chrome version 107.
Nov 25, 2022 8:29:28 PM org.openqa.selenium.remote.ProtocolHandshake createSession
INFO: Detected dialect: W3C
]]></system-err>
  </testcase>
  <testcase name="setUp" classname="com.demo.qa.testcases.BookStoreTest" time="0">
    <skipped/>
  </testcase>
  <testcase name="setUp" classname="com.demo.qa.testcases.BookStoreTest" time="0">
    <skipped/>
  </testcase>
  <testcase name="validateBookStorePageTitle" classname="com.demo.qa.testcases.BookStoreTest" time="0">
    <skipped message="element click intercepted: Element &lt;button id=&quot;login&quot; type=&quot;button&quot; class=&quot;btn btn-primary&quot;&gt;...&lt;/button&gt; is not clickable at point (768, 483). Other element would receive the click: &lt;iframe id=&quot;google_ads_iframe_/21849154601,22343295815/Ad.Plus-Anchor_0&quot; name=&quot;google_ads_iframe_/21849154601,22343295815/Ad.Plus-Anchor_0&quot; title=&quot;3rd party ad content&quot; width=&quot;970&quot; height=&quot;90&quot; scrolling=&quot;no&quot; marginwidth=&quot;0&quot; marginheight=&quot;0&quot; frameborder=&quot;0&quot; role=&quot;region&quot; aria-label=&quot;Advertisement&quot; tabindex=&quot;0&quot; style=&quot;border: 0px; vertical-align: bottom; width: 970px; height: 88px;&quot; data-load-complete=&quot;true&quot; data-google-container-id=&quot;1&quot;&gt;&lt;/iframe&gt;&#10;  (Session info: chrome=107.0.5304.107)&#10;Build info: version: &apos;3.14.0&apos;, revision: &apos;aacccce0&apos;, time: &apos;2018-08-02T20:19:58.91Z&apos;&#10;System info: host: &apos;LAPTOP-H6ICRR5G&apos;, ip: &apos;172.20.10.3&apos;, os.name: &apos;Windows 10&apos;, os.arch: &apos;amd64&apos;, os.version: &apos;10.0&apos;, java.version: &apos;17.0.5&apos;&#10;Driver info: org.openqa.selenium.chrome.ChromeDriver&#10;Capabilities {acceptInsecureCerts: false, browserName: chrome, browserVersion: 107.0.5304.107, chrome: {chromedriverVersion: 106.0.5249.61 (511755355844..., userDataDir: C:\Users\samba\AppData\Loca...}, goog:chromeOptions: {debuggerAddress: localhost:63040}, javascriptEnabled: true, networkConnectionEnabled: false, pageLoadStrategy: normal, platform: WINDOWS, platformName: WINDOWS, proxy: Proxy(), setWindowRect: true, strictFileInteractability: false, timeouts: {implicit: 0, pageLoad: 300000, script: 30000}, unhandledPromptBehavior: dismiss and notify, webauthn:extension:credBlob: true, webauthn:extension:largeBlob: true, webauthn:virtualAuthenticators: true}&#10;Session ID: c530fd9896d8016e76618593a38fbe42"/>
  </testcase>
  <testcase name="loginPageTitleTest" classname="com.demo.qa.testcases.LoginPageTest" time="0.007"/>
  <testcase name="setUp" classname="com.demo.qa.testcases.ProfilePageTest" time="14.882">
    <failure message="element click intercepted: Element &lt;button id=&quot;login&quot; type=&quot;button&quot; class=&quot;btn btn-primary&quot;&gt;...&lt;/button&gt; is not clickable at point (768, 483). Other element would receive the click: &lt;iframe id=&quot;google_ads_iframe_/21849154601,22343295815/Ad.Plus-Anchor_0&quot; name=&quot;google_ads_iframe_/21849154601,22343295815/Ad.Plus-Anchor_0&quot; title=&quot;3rd party ad content&quot; width=&quot;970&quot; height=&quot;90&quot; scrolling=&quot;no&quot; marginwidth=&quot;0&quot; marginheight=&quot;0&quot; frameborder=&quot;0&quot; role=&quot;region&quot; aria-label=&quot;Advertisement&quot; tabindex=&quot;0&quot; style=&quot;border: 0px; vertical-align: bottom; width: 970px; height: 321px;&quot; data-load-complete=&quot;true&quot; data-google-container-id=&quot;1&quot;&gt;&lt;/iframe&gt;&#10;  (Session info: chrome=107.0.5304.107)&#10;Build info: version: &apos;3.14.0&apos;, revision: &apos;aacccce0&apos;, time: &apos;2018-08-02T20:19:58.91Z&apos;&#10;System info: host: &apos;LAPTOP-H6ICRR5G&apos;, ip: &apos;172.20.10.3&apos;, os.name: &apos;Windows 10&apos;, os.arch: &apos;amd64&apos;, os.version: &apos;10.0&apos;, java.version: &apos;17.0.5&apos;&#10;Driver info: org.openqa.selenium.chrome.ChromeDriver&#10;Capabilities {acceptInsecureCerts: false, browserName: chrome, browserVersion: 107.0.5304.107, chrome: {chromedriverVersion: 106.0.5249.61 (511755355844..., userDataDir: C:\Users\samba\AppData\Loca...}, goog:chromeOptions: {debuggerAddress: localhost:62441}, javascriptEnabled: true, networkConnectionEnabled: false, pageLoadStrategy: normal, platform: WINDOWS, platformName: WINDOWS, proxy: Proxy(), setWindowRect: true, strictFileInteractability: false, timeouts: {implicit: 0, pageLoad: 300000, script: 30000}, unhandledPromptBehavior: dismiss and notify, webauthn:extension:credBlob: true, webauthn:extension:largeBlob: true, webauthn:virtualAuthenticators: true}&#10;Session ID: 1fcc2c004eeab85ec71b70875c648794" type="org.openqa.selenium.ElementClickInterceptedException"><![CDATA[org.openqa.selenium.ElementClickInterceptedException: 
element click intercepted: Element <button id="login" type="button" class="btn btn-primary">...</button> is not clickable at point (768, 483). Other element would receive the click: <iframe id="google_ads_iframe_/21849154601,22343295815/Ad.Plus-Anchor_0" name="google_ads_iframe_/21849154601,22343295815/Ad.Plus-Anchor_0" title="3rd party ad content" width="970" height="90" scrolling="no" marginwidth="0" marginheight="0" frameborder="0" role="region" aria-label="Advertisement" tabindex="0" style="border: 0px; vertical-align: bottom; width: 970px; height: 321px;" data-load-complete="true" data-google-container-id="1"></iframe>
  (Session info: chrome=107.0.5304.107)
Build info: version: '3.14.0', revision: 'aacccce0', time: '2018-08-02T20:19:58.91Z'
System info: host: 'LAPTOP-H6ICRR5G', ip: '172.20.10.3', os.name: 'Windows 10', os.arch: 'amd64', os.version: '10.0', java.version: '17.0.5'
Driver info: org.openqa.selenium.chrome.ChromeDriver
Capabilities {acceptInsecureCerts: false, browserName: chrome, browserVersion: 107.0.5304.107, chrome: {chromedriverVersion: 106.0.5249.61 (511755355844..., userDataDir: C:\Users\samba\AppData\Loca...}, goog:chromeOptions: {debuggerAddress: localhost:62441}, javascriptEnabled: true, networkConnectionEnabled: false, pageLoadStrategy: normal, platform: WINDOWS, platformName: WINDOWS, proxy: Proxy(), setWindowRect: true, strictFileInteractability: false, timeouts: {implicit: 0, pageLoad: 300000, script: 30000}, unhandledPromptBehavior: dismiss and notify, webauthn:extension:credBlob: true, webauthn:extension:largeBlob: true, webauthn:virtualAuthenticators: true}
Session ID: 1fcc2c004eeab85ec71b70875c648794
	at com.demo.qa.testcases.ProfilePageTest.setUp(ProfilePageTest.java:33)
]]></failure>
    <system-out><![CDATA[Before navigating to: 'https://demoqa.com/login'
Navigated to:'https://demoqa.com/login'
Trying to find Element By : By.id: userName
Found Element By : By.id: userName
Trying to find Element By : By.id: password
Found Element By : By.id: password
Trying to find Element By : By.id: login
Found Element By : By.id: login
Trying to click on: [[ChromeDriver: chrome on WINDOWS (1fcc2c004eeab85ec71b70875c648794)] -> id: login]
Exception occured: org.openqa.selenium.ElementClickInterceptedException: element click intercepted: Element <button id="login" type="button" class="btn btn-primary">...</button> is not clickable at point (768, 483). Other element would receive the click: <iframe id="google_ads_iframe_/21849154601,22343295815/Ad.Plus-Anchor_0" name="google_ads_iframe_/21849154601,22343295815/Ad.Plus-Anchor_0" title="3rd party ad content" width="970" height="90" scrolling="no" marginwidth="0" marginheight="0" frameborder="0" role="region" aria-label="Advertisement" tabindex="0" style="border: 0px; vertical-align: bottom; width: 970px; height: 321px;" data-load-complete="true" data-google-container-id="1"></iframe>
  (Session info: chrome=107.0.5304.107)
Build info: version: '3.14.0', revision: 'aacccce0', time: '2018-08-02T20:19:58.91Z'
System info: host: 'LAPTOP-H6ICRR5G', ip: '172.20.10.3', os.name: 'Windows 10', os.arch: 'amd64', os.version: '10.0', java.version: '17.0.5'
Driver info: org.openqa.selenium.chrome.ChromeDriver
Capabilities {acceptInsecureCerts: false, browserName: chrome, browserVersion: 107.0.5304.107, chrome: {chromedriverVersion: 106.0.5249.61 (511755355844..., userDataDir: C:\Users\samba\AppData\Loca...}, goog:chromeOptions: {debuggerAddress: localhost:62441}, javascriptEnabled: true, networkConnectionEnabled: false, pageLoadStrategy: normal, platform: WINDOWS, platformName: WINDOWS, proxy: Proxy(), setWindowRect: true, strictFileInteractability: false, timeouts: {implicit: 0, pageLoad: 300000, script: 30000}, unhandledPromptBehavior: dismiss and notify, webauthn:extension:credBlob: true, webauthn:extension:largeBlob: true, webauthn:virtualAuthenticators: true}
Session ID: 1fcc2c004eeab85ec71b70875c648794
]]></system-out>
    <system-err><![CDATA[Starting ChromeDriver 106.0.5249.61 (511755355844955cd3e264779baf0dd38212a4d0-refs/branch-heads/5249@{#569}) on port 34759
Only local connections are allowed.
Please see https://chromedriver.chromium.org/security-considerations for suggestions on keeping ChromeDriver safe.
ChromeDriver was started successfully.
[1669388397.187][WARNING]: This version of ChromeDriver has not been tested with Chrome version 107.
Nov 25, 2022 8:29:57 PM org.openqa.selenium.remote.ProtocolHandshake createSession
INFO: Detected dialect: W3C
]]></system-err>
  </testcase>
  <testcase name="setUp" classname="com.demo.qa.testcases.ProfilePageTest" time="0">
    <skipped/>
  </testcase>
  <testcase name="setUp" classname="com.demo.qa.testcases.ProfilePageTest" time="0">
    <skipped/>
  </testcase>
  <testcase name="verifyprofileTitleTest" classname="com.demo.qa.testcases.ProfilePageTest" time="0">
    <skipped message="element click intercepted: Element &lt;button id=&quot;login&quot; type=&quot;button&quot; class=&quot;btn btn-primary&quot;&gt;...&lt;/button&gt; is not clickable at point (768, 483). Other element would receive the click: &lt;iframe id=&quot;google_ads_iframe_/21849154601,22343295815/Ad.Plus-Anchor_0&quot; name=&quot;google_ads_iframe_/21849154601,22343295815/Ad.Plus-Anchor_0&quot; title=&quot;3rd party ad content&quot; width=&quot;970&quot; height=&quot;90&quot; scrolling=&quot;no&quot; marginwidth=&quot;0&quot; marginheight=&quot;0&quot; frameborder=&quot;0&quot; role=&quot;region&quot; aria-label=&quot;Advertisement&quot; tabindex=&quot;0&quot; style=&quot;border: 0px; vertical-align: bottom; width: 970px; height: 321px;&quot; data-load-complete=&quot;true&quot; data-google-container-id=&quot;1&quot;&gt;&lt;/iframe&gt;&#10;  (Session info: chrome=107.0.5304.107)&#10;Build info: version: &apos;3.14.0&apos;, revision: &apos;aacccce0&apos;, time: &apos;2018-08-02T20:19:58.91Z&apos;&#10;System info: host: &apos;LAPTOP-H6ICRR5G&apos;, ip: &apos;172.20.10.3&apos;, os.name: &apos;Windows 10&apos;, os.arch: &apos;amd64&apos;, os.version: &apos;10.0&apos;, java.version: &apos;17.0.5&apos;&#10;Driver info: org.openqa.selenium.chrome.ChromeDriver&#10;Capabilities {acceptInsecureCerts: false, browserName: chrome, browserVersion: 107.0.5304.107, chrome: {chromedriverVersion: 106.0.5249.61 (511755355844..., userDataDir: C:\Users\samba\AppData\Loca...}, goog:chromeOptions: {debuggerAddress: localhost:62441}, javascriptEnabled: true, networkConnectionEnabled: false, pageLoadStrategy: normal, platform: WINDOWS, platformName: WINDOWS, proxy: Proxy(), setWindowRect: true, strictFileInteractability: false, timeouts: {implicit: 0, pageLoad: 300000, script: 30000}, unhandledPromptBehavior: dismiss and notify, webauthn:extension:credBlob: true, webauthn:extension:largeBlob: true, webauthn:virtualAuthenticators: true}&#10;Session ID: 1fcc2c004eeab85ec71b70875c648794"/>
  </testcase>
  <testcase name="clickOnAddData" classname="com.demo.qa.testcases.Webtable_DatadrivenTest" time="0.754"/>
  <testcase name="clickOnAddData" classname="com.demo.qa.testcases.Webtable_DatadrivenTest" time="1.021"/>
  <testcase name="clickOnAddData" classname="com.demo.qa.testcases.Webtable_DatadrivenTest" time="1.92"/>
  <testcase name="clickonAuthor" classname="com.demo.qa.testcases.BookStoreTest" time="0">
    <skipped message="element click intercepted: Element &lt;button id=&quot;login&quot; type=&quot;button&quot; class=&quot;btn btn-primary&quot;&gt;...&lt;/button&gt; is not clickable at point (768, 483). Other element would receive the click: &lt;iframe id=&quot;google_ads_iframe_/21849154601,22343295815/Ad.Plus-Anchor_0&quot; name=&quot;google_ads_iframe_/21849154601,22343295815/Ad.Plus-Anchor_0&quot; title=&quot;3rd party ad content&quot; width=&quot;970&quot; height=&quot;90&quot; scrolling=&quot;no&quot; marginwidth=&quot;0&quot; marginheight=&quot;0&quot; frameborder=&quot;0&quot; role=&quot;region&quot; aria-label=&quot;Advertisement&quot; tabindex=&quot;0&quot; style=&quot;border: 0px; vertical-align: bottom; width: 970px; height: 88px;&quot; data-load-complete=&quot;true&quot; data-google-container-id=&quot;1&quot;&gt;&lt;/iframe&gt;&#10;  (Session info: chrome=107.0.5304.107)&#10;Build info: version: &apos;3.14.0&apos;, revision: &apos;aacccce0&apos;, time: &apos;2018-08-02T20:19:58.91Z&apos;&#10;System info: host: &apos;LAPTOP-H6ICRR5G&apos;, ip: &apos;172.20.10.3&apos;, os.name: &apos;Windows 10&apos;, os.arch: &apos;amd64&apos;, os.version: &apos;10.0&apos;, java.version: &apos;17.0.5&apos;&#10;Driver info: org.openqa.selenium.chrome.ChromeDriver&#10;Capabilities {acceptInsecureCerts: false, browserName: chrome, browserVersion: 107.0.5304.107, chrome: {chromedriverVersion: 106.0.5249.61 (511755355844..., userDataDir: C:\Users\samba\AppData\Loca...}, goog:chromeOptions: {debuggerAddress: localhost:63040}, javascriptEnabled: true, networkConnectionEnabled: false, pageLoadStrategy: normal, platform: WINDOWS, platformName: WINDOWS, proxy: Proxy(), setWindowRect: true, strictFileInteractability: false, timeouts: {implicit: 0, pageLoad: 300000, script: 30000}, unhandledPromptBehavior: dismiss and notify, webauthn:extension:credBlob: true, webauthn:extension:largeBlob: true, webauthn:virtualAuthenticators: true}&#10;Session ID: c530fd9896d8016e76618593a38fbe42"/>
  </testcase>
  <testcase name="loginTest" classname="com.demo.qa.testcases.LoginPageTest" time="2.051">
    <failure message="element click intercepted: Element &lt;button id=&quot;login&quot; type=&quot;button&quot; class=&quot;btn btn-primary&quot;&gt;...&lt;/button&gt; is not clickable at point (768, 483). Other element would receive the click: &lt;iframe id=&quot;google_ads_iframe_/21849154601,22343295815/Ad.Plus-Anchor_0&quot; name=&quot;google_ads_iframe_/21849154601,22343295815/Ad.Plus-Anchor_0&quot; title=&quot;3rd party ad content&quot; width=&quot;970&quot; height=&quot;90&quot; scrolling=&quot;no&quot; marginwidth=&quot;0&quot; marginheight=&quot;0&quot; frameborder=&quot;0&quot; role=&quot;region&quot; aria-label=&quot;Advertisement&quot; tabindex=&quot;0&quot; style=&quot;border: 0px; vertical-align: bottom; width: 970px; height: 88px;&quot; data-load-complete=&quot;true&quot; data-google-container-id=&quot;1&quot;&gt;&lt;/iframe&gt;&#10;  (Session info: chrome=107.0.5304.107)&#10;Build info: version: &apos;3.14.0&apos;, revision: &apos;aacccce0&apos;, time: &apos;2018-08-02T20:19:58.91Z&apos;&#10;System info: host: &apos;LAPTOP-H6ICRR5G&apos;, ip: &apos;172.20.10.3&apos;, os.name: &apos;Windows 10&apos;, os.arch: &apos;amd64&apos;, os.version: &apos;10.0&apos;, java.version: &apos;17.0.5&apos;&#10;Driver info: org.openqa.selenium.chrome.ChromeDriver&#10;Capabilities {acceptInsecureCerts: false, browserName: chrome, browserVersion: 107.0.5304.107, chrome: {chromedriverVersion: 106.0.5249.61 (511755355844..., userDataDir: C:\Users\samba\AppData\Loca...}, goog:chromeOptions: {debuggerAddress: localhost:62854}, javascriptEnabled: true, networkConnectionEnabled: false, pageLoadStrategy: normal, platform: WINDOWS, platformName: WINDOWS, proxy: Proxy(), setWindowRect: true, strictFileInteractability: false, timeouts: {implicit: 0, pageLoad: 300000, script: 30000}, unhandledPromptBehavior: dismiss and notify, webauthn:extension:credBlob: true, webauthn:extension:largeBlob: true, webauthn:virtualAuthenticators: true}&#10;Session ID: 120f0fe8af10c3e922699a0c979d0ba2" type="org.openqa.selenium.ElementClickInterceptedException"><![CDATA[org.openqa.selenium.ElementClickInterceptedException: 
element click intercepted: Element <button id="login" type="button" class="btn btn-primary">...</button> is not clickable at point (768, 483). Other element would receive the click: <iframe id="google_ads_iframe_/21849154601,22343295815/Ad.Plus-Anchor_0" name="google_ads_iframe_/21849154601,22343295815/Ad.Plus-Anchor_0" title="3rd party ad content" width="970" height="90" scrolling="no" marginwidth="0" marginheight="0" frameborder="0" role="region" aria-label="Advertisement" tabindex="0" style="border: 0px; vertical-align: bottom; width: 970px; height: 88px;" data-load-complete="true" data-google-container-id="1"></iframe>
  (Session info: chrome=107.0.5304.107)
Build info: version: '3.14.0', revision: 'aacccce0', time: '2018-08-02T20:19:58.91Z'
System info: host: 'LAPTOP-H6ICRR5G', ip: '172.20.10.3', os.name: 'Windows 10', os.arch: 'amd64', os.version: '10.0', java.version: '17.0.5'
Driver info: org.openqa.selenium.chrome.ChromeDriver
Capabilities {acceptInsecureCerts: false, browserName: chrome, browserVersion: 107.0.5304.107, chrome: {chromedriverVersion: 106.0.5249.61 (511755355844..., userDataDir: C:\Users\samba\AppData\Loca...}, goog:chromeOptions: {debuggerAddress: localhost:62854}, javascriptEnabled: true, networkConnectionEnabled: false, pageLoadStrategy: normal, platform: WINDOWS, platformName: WINDOWS, proxy: Proxy(), setWindowRect: true, strictFileInteractability: false, timeouts: {implicit: 0, pageLoad: 300000, script: 30000}, unhandledPromptBehavior: dismiss and notify, webauthn:extension:credBlob: true, webauthn:extension:largeBlob: true, webauthn:virtualAuthenticators: true}
Session ID: 120f0fe8af10c3e922699a0c979d0ba2
	at com.demo.qa.testcases.LoginPageTest.loginTest(LoginPageTest.java:40)
]]></failure>
    <system-out><![CDATA[Before navigating to: 'https://demoqa.com/login'
Navigated to:'https://demoqa.com/login'
Trying to find Element By : By.id: userName
Found Element By : By.id: userName
Trying to find Element By : By.id: password
Found Element By : By.id: password
Trying to find Element By : By.id: login
Found Element By : By.id: login
Trying to click on: [[ChromeDriver: chrome on WINDOWS (120f0fe8af10c3e922699a0c979d0ba2)] -> id: login]
Exception occured: org.openqa.selenium.ElementClickInterceptedException: element click intercepted: Element <button id="login" type="button" class="btn btn-primary">...</button> is not clickable at point (768, 483). Other element would receive the click: <iframe id="google_ads_iframe_/21849154601,22343295815/Ad.Plus-Anchor_0" name="google_ads_iframe_/21849154601,22343295815/Ad.Plus-Anchor_0" title="3rd party ad content" width="970" height="90" scrolling="no" marginwidth="0" marginheight="0" frameborder="0" role="region" aria-label="Advertisement" tabindex="0" style="border: 0px; vertical-align: bottom; width: 970px; height: 88px;" data-load-complete="true" data-google-container-id="1"></iframe>
  (Session info: chrome=107.0.5304.107)
Build info: version: '3.14.0', revision: 'aacccce0', time: '2018-08-02T20:19:58.91Z'
System info: host: 'LAPTOP-H6ICRR5G', ip: '172.20.10.3', os.name: 'Windows 10', os.arch: 'amd64', os.version: '10.0', java.version: '17.0.5'
Driver info: org.openqa.selenium.chrome.ChromeDriver
Capabilities {acceptInsecureCerts: false, browserName: chrome, browserVersion: 107.0.5304.107, chrome: {chromedriverVersion: 106.0.5249.61 (511755355844..., userDataDir: C:\Users\samba\AppData\Loca...}, goog:chromeOptions: {debuggerAddress: localhost:62854}, javascriptEnabled: true, networkConnectionEnabled: false, pageLoadStrategy: normal, platform: WINDOWS, platformName: WINDOWS, proxy: Proxy(), setWindowRect: true, strictFileInteractability: false, timeouts: {implicit: 0, pageLoad: 300000, script: 30000}, unhandledPromptBehavior: dismiss and notify, webauthn:extension:credBlob: true, webauthn:extension:largeBlob: true, webauthn:virtualAuthenticators: true}
Session ID: 120f0fe8af10c3e922699a0c979d0ba2
]]></system-out>
    <system-err><![CDATA[Starting ChromeDriver 106.0.5249.61 (511755355844955cd3e264779baf0dd38212a4d0-refs/branch-heads/5249@{#569}) on port 8344
Only local connections are allowed.
Please see https://chromedriver.chromium.org/security-considerations for suggestions on keeping ChromeDriver safe.
ChromeDriver was started successfully.
[1669388470.209][WARNING]: This version of ChromeDriver has not been tested with Chrome version 107.
Nov 25, 2022 8:31:10 PM org.openqa.selenium.remote.ProtocolHandshake createSession
INFO: Detected dialect: W3C
]]></system-err>
  </testcase>
  <testcase name="verifyUserNameTest" classname="com.demo.qa.testcases.ProfilePageTest" time="0">
    <skipped message="element click intercepted: Element &lt;button id=&quot;login&quot; type=&quot;button&quot; class=&quot;btn btn-primary&quot;&gt;...&lt;/button&gt; is not clickable at point (768, 483). Other element would receive the click: &lt;iframe id=&quot;google_ads_iframe_/21849154601,22343295815/Ad.Plus-Anchor_0&quot; name=&quot;google_ads_iframe_/21849154601,22343295815/Ad.Plus-Anchor_0&quot; title=&quot;3rd party ad content&quot; width=&quot;970&quot; height=&quot;90&quot; scrolling=&quot;no&quot; marginwidth=&quot;0&quot; marginheight=&quot;0&quot; frameborder=&quot;0&quot; role=&quot;region&quot; aria-label=&quot;Advertisement&quot; tabindex=&quot;0&quot; style=&quot;border: 0px; vertical-align: bottom; width: 970px; height: 321px;&quot; data-load-complete=&quot;true&quot; data-google-container-id=&quot;1&quot;&gt;&lt;/iframe&gt;&#10;  (Session info: chrome=107.0.5304.107)&#10;Build info: version: &apos;3.14.0&apos;, revision: &apos;aacccce0&apos;, time: &apos;2018-08-02T20:19:58.91Z&apos;&#10;System info: host: &apos;LAPTOP-H6ICRR5G&apos;, ip: &apos;172.20.10.3&apos;, os.name: &apos;Windows 10&apos;, os.arch: &apos;amd64&apos;, os.version: &apos;10.0&apos;, java.version: &apos;17.0.5&apos;&#10;Driver info: org.openqa.selenium.chrome.ChromeDriver&#10;Capabilities {acceptInsecureCerts: false, browserName: chrome, browserVersion: 107.0.5304.107, chrome: {chromedriverVersion: 106.0.5249.61 (511755355844..., userDataDir: C:\Users\samba\AppData\Loca...}, goog:chromeOptions: {debuggerAddress: localhost:62441}, javascriptEnabled: true, networkConnectionEnabled: false, pageLoadStrategy: normal, platform: WINDOWS, platformName: WINDOWS, proxy: Proxy(), setWindowRect: true, strictFileInteractability: false, timeouts: {implicit: 0, pageLoad: 300000, script: 30000}, unhandledPromptBehavior: dismiss and notify, webauthn:extension:credBlob: true, webauthn:extension:largeBlob: true, webauthn:virtualAuthenticators: true}&#10;Session ID: 1fcc2c004eeab85ec71b70875c648794"/>
  </testcase>
  <testcase name="clickonPublisher" classname="com.demo.qa.testcases.BookStoreTest" time="0">
    <skipped message="element click intercepted: Element &lt;button id=&quot;login&quot; type=&quot;button&quot; class=&quot;btn btn-primary&quot;&gt;...&lt;/button&gt; is not clickable at point (768, 483). Other element would receive the click: &lt;iframe id=&quot;google_ads_iframe_/21849154601,22343295815/Ad.Plus-Anchor_0&quot; name=&quot;google_ads_iframe_/21849154601,22343295815/Ad.Plus-Anchor_0&quot; title=&quot;3rd party ad content&quot; width=&quot;970&quot; height=&quot;90&quot; scrolling=&quot;no&quot; marginwidth=&quot;0&quot; marginheight=&quot;0&quot; frameborder=&quot;0&quot; role=&quot;region&quot; aria-label=&quot;Advertisement&quot; tabindex=&quot;0&quot; style=&quot;border: 0px; vertical-align: bottom; width: 970px; height: 88px;&quot; data-load-complete=&quot;true&quot; data-google-container-id=&quot;1&quot;&gt;&lt;/iframe&gt;&#10;  (Session info: chrome=107.0.5304.107)&#10;Build info: version: &apos;3.14.0&apos;, revision: &apos;aacccce0&apos;, time: &apos;2018-08-02T20:19:58.91Z&apos;&#10;System info: host: &apos;LAPTOP-H6ICRR5G&apos;, ip: &apos;172.20.10.3&apos;, os.name: &apos;Windows 10&apos;, os.arch: &apos;amd64&apos;, os.version: &apos;10.0&apos;, java.version: &apos;17.0.5&apos;&#10;Driver info: org.openqa.selenium.chrome.ChromeDriver&#10;Capabilities {acceptInsecureCerts: false, browserName: chrome, browserVersion: 107.0.5304.107, chrome: {chromedriverVersion: 106.0.5249.61 (511755355844..., userDataDir: C:\Users\samba\AppData\Loca...}, goog:chromeOptions: {debuggerAddress: localhost:63040}, javascriptEnabled: true, networkConnectionEnabled: false, pageLoadStrategy: normal, platform: WINDOWS, platformName: WINDOWS, proxy: Proxy(), setWindowRect: true, strictFileInteractability: false, timeouts: {implicit: 0, pageLoad: 300000, script: 30000}, unhandledPromptBehavior: dismiss and notify, webauthn:extension:credBlob: true, webauthn:extension:largeBlob: true, webauthn:virtualAuthenticators: true}&#10;Session ID: c530fd9896d8016e76618593a38fbe42"/>
  </testcase>
  <testcase name="verifyBookStoreLinkTest" classname="com.demo.qa.testcases.ProfilePageTest" time="0">
    <skipped message="element click intercepted: Element &lt;button id=&quot;login&quot; type=&quot;button&quot; class=&quot;btn btn-primary&quot;&gt;...&lt;/button&gt; is not clickable at point (768, 483). Other element would receive the click: &lt;iframe id=&quot;google_ads_iframe_/21849154601,22343295815/Ad.Plus-Anchor_0&quot; name=&quot;google_ads_iframe_/21849154601,22343295815/Ad.Plus-Anchor_0&quot; title=&quot;3rd party ad content&quot; width=&quot;970&quot; height=&quot;90&quot; scrolling=&quot;no&quot; marginwidth=&quot;0&quot; marginheight=&quot;0&quot; frameborder=&quot;0&quot; role=&quot;region&quot; aria-label=&quot;Advertisement&quot; tabindex=&quot;0&quot; style=&quot;border: 0px; vertical-align: bottom; width: 970px; height: 321px;&quot; data-load-complete=&quot;true&quot; data-google-container-id=&quot;1&quot;&gt;&lt;/iframe&gt;&#10;  (Session info: chrome=107.0.5304.107)&#10;Build info: version: &apos;3.14.0&apos;, revision: &apos;aacccce0&apos;, time: &apos;2018-08-02T20:19:58.91Z&apos;&#10;System info: host: &apos;LAPTOP-H6ICRR5G&apos;, ip: &apos;172.20.10.3&apos;, os.name: &apos;Windows 10&apos;, os.arch: &apos;amd64&apos;, os.version: &apos;10.0&apos;, java.version: &apos;17.0.5&apos;&#10;Driver info: org.openqa.selenium.chrome.ChromeDriver&#10;Capabilities {acceptInsecureCerts: false, browserName: chrome, browserVersion: 107.0.5304.107, chrome: {chromedriverVersion: 106.0.5249.61 (511755355844..., userDataDir: C:\Users\samba\AppData\Loca...}, goog:chromeOptions: {debuggerAddress: localhost:62441}, javascriptEnabled: true, networkConnectionEnabled: false, pageLoadStrategy: normal, platform: WINDOWS, platformName: WINDOWS, proxy: Proxy(), setWindowRect: true, strictFileInteractability: false, timeouts: {implicit: 0, pageLoad: 300000, script: 30000}, unhandledPromptBehavior: dismiss and notify, webauthn:extension:credBlob: true, webauthn:extension:largeBlob: true, webauthn:virtualAuthenticators: true}&#10;Session ID: 1fcc2c004eeab85ec71b70875c648794"/>
  </testcase>
</testsuite>