<?xml version="1.0" encoding="UTF-8"?>
<!-- Generated by org.testng.reporters.JUnitXMLReporter -->
<testsuite ignored="0" hostname="LAPTOP-H6ICRR5G" failures="0" tests="8" name="Demo QA App Test Cases" time="95.974" errors="0" timestamp="23 Nov 2022 06:15:08 GMT">
  <testcase classname="com.demo.qa.testcases.LoginPageTest" name="loginPageTitleTest" time="0.054"/>
  <testcase classname="com.demo.qa.testcases.ProfilePagetest" name="verifyprofileTitleTest" time="0.014"/>
  <testcase classname="com.demo.qa.testcases.BookStoreTest" name="validateBookStorePageTitle" time="0.013"/>
  <testcase classname="com.demo.qa.testcases.LoginPageTest" name="loginTest" time="0.793"/>
  <testcase classname="com.demo.qa.testcases.ProfilePagetest" name="verifyUserNameTest" time="1.388"/>
  <testcase classname="com.demo.qa.testcases.BookStoreTest" name="clickonAuthor" time="0.536"/>
  <testcase classname="com.demo.qa.testcases.ProfilePagetest" name="verifyBookStoreLinkTest" time="1.051"/>
  <testcase classname="com.demo.qa.testcases.BookStoreTest" name="clickonPublisher" time="0.498"/>
</testsuite> <!-- Demo QA App Test Cases -->
