<?xml version="1.0" encoding="UTF-8"?>
<testng-results ignored="0" total="2" passed="2" failed="0" skipped="0">
  <reporter-output>
  </reporter-output>
  <suite started-at="2022-11-25T14:49:27Z" name="Default suite" finished-at="2022-11-25T14:50:00Z" duration-ms="32583">
    <groups>
    </groups>
    <test started-at="2022-11-25T14:49:27Z" name="Default test" finished-at="2022-11-25T14:50:00Z" duration-ms="32583">
      <class name="com.demo.qa.testcases.LoginPageTest">
        <test-method is-config="true" signature="setUp()[pri:0, instance:com.demo.qa.testcases.LoginPageTest@15043a2f]" started-at="2022-11-25T20:19:27Z" name="setUp" finished-at="2022-11-25T20:19:42Z" duration-ms="15089" status="PASS">
          <reporter-output>
          </reporter-output>
        </test-method> <!-- setUp -->
        <test-method signature="loginPageTitleTest()[pri:1, instance:com.demo.qa.testcases.LoginPageTest@15043a2f]" started-at="2022-11-25T20:19:42Z" name="loginPageTitleTest" finished-at="2022-11-25T20:19:42Z" duration-ms="9" status="PASS">
          <reporter-output>
          </reporter-output>
        </test-method> <!-- loginPageTitleTest -->
        <test-method is-config="true" signature="tearDown()[pri:0, instance:com.demo.qa.testcases.LoginPageTest@15043a2f]" started-at="2022-11-25T20:19:42Z" name="tearDown" finished-at="2022-11-25T20:19:42Z" duration-ms="199" status="PASS">
          <reporter-output>
          </reporter-output>
        </test-method> <!-- tearDown -->
        <test-method is-config="true" signature="setUp()[pri:0, instance:com.demo.qa.testcases.LoginPageTest@15043a2f]" started-at="2022-11-25T20:19:42Z" name="setUp" finished-at="2022-11-25T20:19:59Z" duration-ms="16055" status="PASS">
          <reporter-output>
          </reporter-output>
        </test-method> <!-- setUp -->
        <test-method signature="loginTest()[pri:2, instance:com.demo.qa.testcases.LoginPageTest@15043a2f]" started-at="2022-11-25T20:19:59Z" name="loginTest" finished-at="2022-11-25T20:20:00Z" duration-ms="1031" status="PASS">
          <reporter-output>
          </reporter-output>
        </test-method> <!-- loginTest -->
        <test-method is-config="true" signature="tearDown()[pri:0, instance:com.demo.qa.testcases.LoginPageTest@15043a2f]" started-at="2022-11-25T20:20:00Z" name="tearDown" finished-at="2022-11-25T20:20:00Z" duration-ms="177" status="PASS">
          <reporter-output>
          </reporter-output>
        </test-method> <!-- tearDown -->
      </class> <!-- com.demo.qa.testcases.LoginPageTest -->
    </test> <!-- Default test -->
  </suite> <!-- Default suite -->
</testng-results>
